[debug] [2022-05-23T20:59:01.176Z] ----------------------------------------------------------------------
[debug] [2022-05-23T20:59:01.177Z] Command:       /usr/local/bin/node /usr/local/bin/firebase init
[debug] [2022-05-23T20:59:01.177Z] CLI Version:   11.0.0
[debug] [2022-05-23T20:59:01.178Z] Platform:      darwin
[debug] [2022-05-23T20:59:01.178Z] Node Version:  v16.13.2
[debug] [2022-05-23T20:59:01.178Z] Time:          Mon May 23 2022 22:59:01 GMT+0200 (Central European Summer Time)
[debug] [2022-05-23T20:59:01.178Z] ----------------------------------------------------------------------
[debug] 
[debug] [2022-05-23T20:59:01.222Z] > command requires scopes: ["email","openid","https://www.googleapis.com/auth/cloudplatformprojects.readonly","https://www.googleapis.com/auth/firebase","https://www.googleapis.com/auth/cloud-platform"]
[debug] [2022-05-23T20:59:01.222Z] > authorizing via signed-in user (mcospino@gmail.com)
[info] 
     ######## #### ########  ######## ########     ###     ######  ########
     ##        ##  ##     ## ##       ##     ##  ##   ##  ##       ##
     ######    ##  ########  ######   ########  #########  ######  ######
     ##        ##  ##    ##  ##       ##     ## ##     ##       ## ##
     ##       #### ##     ## ######## ########  ##     ##  ######  ########

You're about to initialize a Firebase project in this directory:

  /Users/maco/Desktop/portfolio_site/portfolio_website

Before we get started, keep in mind:

  * You are initializing within an existing Firebase project directory

